SF:lib/app/repositories/api/post_repository.dart
DA:12,1
DA:15,1
DA:17,1
DA:18,3
DA:19,2
DA:23,2
DA:24,3
LF:7
LH:7
end_of_record
SF:lib/domains/post_domain.dart
DA:4,3
LF:1
LH:1
end_of_record
SF:lib/use_cases/post/get_posts_use_case.dart
DA:10,1
DA:12,1
DA:14,2
LF:3
LH:3
end_of_record
SF:lib/app/infrastructures/contracts/base_use_case.dart
DA:10,1
DA:11,1
DA:14,2
DA:16,1
DA:20,2
DA:21,2
DA:24,1
DA:26,1
DA:29,1
LF:9
LH:9
end_of_record
SF:lib/app/infrastructures/endpoints.dart
DA:4,1
DA:6,0
DA:7,1
LF:3
LH:2
end_of_record
SF:lib/data/infrastructures/api_service_interface.dart
DA:15,3
LF:1
LH:1
end_of_record
SF:lib/data/persistences/mappers/post_mapper.dart
DA:5,2
DA:7,6
LF:2
LH:2
end_of_record
